<?xml version="1.0" encoding="UTF-8"?>
<coverage generated="1728314472347" clover="3.2.0">
  <project timestamp="1728314472347" name="All files">
    <metrics statements="24" coveredstatements="24" conditionals="8" coveredconditionals="8" methods="11" coveredmethods="11" elements="43" coveredelements="43" complexity="0" loc="24" ncloc="24" packages="1" files="4" classes="4"/>
    <file name="analyze-array.js" path="C:\Users\Said\Desktop\Tuts\Odin\odin-testing-practice\analyze-array.js">
      <metrics statements="3" coveredstatements="3" conditionals="0" coveredconditionals="0" methods="2" coveredmethods="2"/>
      <line num="2" count="1" type="stmt"/>
      <line num="3" count="5" type="stmt"/>
      <line num="11" count="1" type="stmt"/>
    </file>
    <file name="caesar-cipher.js" path="C:\Users\Said\Desktop\Tuts\Odin\odin-testing-practice\caesar-cipher.js">
      <metrics statements="10" coveredstatements="10" conditionals="8" coveredconditionals="8" methods="1" coveredmethods="1"/>
      <line num="2" count="4" type="stmt"/>
      <line num="3" count="4" type="stmt"/>
      <line num="4" count="26" type="stmt"/>
      <line num="5" count="26" type="cond" truecount="4" falsecount="0"/>
      <line num="6" count="5" type="stmt"/>
      <line num="7" count="21" type="cond" truecount="4" falsecount="0"/>
      <line num="8" count="18" type="stmt"/>
      <line num="10" count="3" type="stmt"/>
      <line num="13" count="4" type="stmt"/>
      <line num="16" count="1" type="stmt"/>
    </file>
    <file name="functions.js" path="C:\Users\Said\Desktop\Tuts\Odin\odin-testing-practice\functions.js">
      <metrics statements="9" coveredstatements="9" conditionals="0" coveredconditionals="0" methods="7" coveredmethods="7"/>
      <line num="2" count="1" type="stmt"/>
      <line num="6" count="1" type="stmt"/>
      <line num="9" count="1" type="stmt"/>
      <line num="10" count="1" type="stmt"/>
      <line num="13" count="1" type="stmt"/>
      <line num="18" count="1" type="stmt"/>
      <line num="23" count="1" type="stmt"/>
      <line num="28" count="1" type="stmt"/>
      <line num="36" count="1" type="stmt"/>
    </file>
    <file name="sum.js" path="C:\Users\Said\Desktop\Tuts\Odin\odin-testing-practice\sum.js">
      <metrics statements="2" coveredstatements="2" conditionals="0" coveredconditionals="0" methods="1" coveredmethods="1"/>
      <line num="2" count="1" type="stmt"/>
      <line num="4" count="1" type="stmt"/>
    </file>
  </project>
</coverage>
