TN:
SF:analyze-array.js
FN:1,analyzeArray
FN:3,(anonymous_1)
FNF:2
FNH:2
FNDA:1,analyzeArray
FNDA:5,(anonymous_1)
DA:2,1
DA:3,5
DA:11,1
LF:3
LH:3
BRF:0
BRH:0
end_of_record
TN:
SF:caesar-cipher.js
FN:1,caesarCipher
FNF:1
FNH:1
FNDA:4,caesarCipher
DA:2,4
DA:3,4
DA:4,26
DA:5,26
DA:6,5
DA:7,21
DA:8,18
DA:10,3
DA:13,4
DA:16,1
LF:10
LH:10
BRDA:5,0,0,5
BRDA:5,0,1,21
BRDA:5,1,0,26
BRDA:5,1,1,23
BRDA:7,2,0,18
BRDA:7,2,1,3
BRDA:7,3,0,21
BRDA:7,3,1,18
BRF:8
BRH:8
end_of_record
TN:
SF:functions.js
FN:1,capitalize
FN:5,reverseString
FN:9,(anonymous_2)
FN:11,(anonymous_3)
FN:16,(anonymous_4)
FN:21,(anonymous_5)
FN:26,(anonymous_6)
FNF:7
FNH:7
FNDA:1,capitalize
FNDA:1,reverseString
FNDA:1,(anonymous_2)
FNDA:1,(anonymous_3)
FNDA:1,(anonymous_4)
FNDA:1,(anonymous_5)
FNDA:1,(anonymous_6)
DA:2,1
DA:6,1
DA:9,1
DA:10,1
DA:13,1
DA:18,1
DA:23,1
DA:28,1
DA:36,1
LF:9
LH:9
BRF:0
BRH:0
end_of_record
TN:
SF:sum.js
FN:1,sum
FNF:1
FNH:1
FNDA:1,sum
DA:2,1
DA:4,1
LF:2
LH:2
BRF:0
BRH:0
end_of_record
